TN:
SF:src/db.js
FN:5,(anonymous_6)
FN:5,_callee
FN:5,getUserByUsername
FNF:3
FNH:3
FNDA:1,(anonymous_6)
FNDA:10,_callee
FNDA:2,getUserByUsername
DA:1,1
DA:3,1
DA:5,30
DA:6,2
DA:14,2
DA:16,2
DA:18,2
DA:23,1
LF:8
LH:8
BRDA:3,0,0,1
BRDA:3,0,1,0
BRDA:5,1,0,2
BRDA:5,1,1,2
BRDA:5,1,2,2
BRDA:5,1,3,0
BRDA:5,1,4,2
BRF:7
BRH:5
end_of_record
TN:
SF:src/mocha-setup.js
FNF:0
FNH:0
DA:1,1
DA:3,1
DA:4,1
DA:5,1
LF:4
LH:4
BRF:0
BRH:0
end_of_record
TN:
SF:src/server.js
FN:6,(anonymous_7)
FN:6,_callee
FNF:2
FNH:2
FNDA:4,(anonymous_7)
FNDA:9,_callee
DA:1,1
DA:2,1
DA:4,1
DA:6,35
DA:7,3
DA:9,2
DA:10,2
DA:11,1
DA:13,1
DA:16,1
LF:10
LH:10
BRDA:6,0,0,3
BRDA:6,0,1,2
BRDA:6,0,2,1
BRDA:6,0,3,3
BRDA:6,0,4,3
BRDA:10,1,0,1
BRDA:10,1,1,1
BRF:7
BRH:7
end_of_record
TN:
SF:src/test-helpers.js
FN:3,(anonymous_6)
FN:3,_callee
FN:3,setDatabaseData
FN:21,(anonymous_10)
FN:21,_callee2
FN:21,getDatabaseData
FN:40,(anonymous_14)
FN:40,_callee3
FN:40,resetDatabase
FNF:9
FNH:9
FNDA:1,(anonymous_6)
FNDA:10,_callee
FNDA:2,setDatabaseData
FNDA:1,(anonymous_10)
FNDA:5,_callee2
FNDA:1,getDatabaseData
FNDA:1,(anonymous_14)
FNDA:8,_callee3
FNDA:2,resetDatabase
DA:1,1
DA:3,30
DA:4,2
DA:12,2
DA:14,2
DA:16,2
DA:21,15
DA:22,1
DA:30,1
DA:32,1
DA:34,1
DA:40,24
DA:41,2
DA:49,2
DA:53,2
LF:15
LH:15
BRDA:3,0,0,2
BRDA:3,0,1,2
BRDA:3,0,2,2
BRDA:3,0,3,0
BRDA:3,0,4,2
BRDA:21,1,0,1
BRDA:21,1,1,1
BRDA:21,1,2,1
BRDA:21,1,3,0
BRDA:21,1,4,1
BRDA:40,2,0,2
BRDA:40,2,1,2
BRDA:40,2,2,2
BRDA:40,2,3,2
BRDA:40,2,4,2
BRF:15
BRH:13
end_of_record
